Mon Jun 15 22:23:38 CST 2015  [debug] AvalonLogChute initialized using file 'velocity.log'
Mon Jun 15 22:23:38 CST 2015  [trace] *******************************************************************
Mon Jun 15 22:23:38 CST 2015  [debug] Starting Apache Velocity v1.5 (compiled: 2007-02-22 08:52:29)
Mon Jun 15 22:23:38 CST 2015  [trace] RuntimeInstance initializing.
Mon Jun 15 22:23:38 CST 2015  [debug] Default Properties File: org\apache\velocity\runtime\defaults\velocity.properties
Mon Jun 15 22:23:38 CST 2015  [debug] Trying to use logger class org.apache.velocity.runtime.log.AvalonLogChute
Mon Jun 15 22:23:38 CST 2015  [debug] Using logger class org.apache.velocity.runtime.log.AvalonLogChute
Mon Jun 15 22:23:38 CST 2015  [debug] Default ResourceManager initializing. (class org.apache.velocity.runtime.resource.ResourceManagerImpl)
Mon Jun 15 22:23:38 CST 2015  [debug] ResourceLoader instantiated: org.apache.velocity.runtime.resource.loader.FileResourceLoader
Mon Jun 15 22:23:38 CST 2015  [trace] FileResourceLoader : initialization starting.
Mon Jun 15 22:23:38 CST 2015  [debug] Do unicode file recognition:  false
Mon Jun 15 22:23:38 CST 2015   [info] FileResourceLoader : adding path 'D:\tytworkspace\tytsms-project\tytsms-web\src\main\webapp\vm\generator\zh_cn\'
Mon Jun 15 22:23:38 CST 2015  [trace] FileResourceLoader : initialization complete.
Mon Jun 15 22:23:38 CST 2015  [debug] ResourceCache: initialized (class org.apache.velocity.runtime.resource.ResourceCacheImpl)
Mon Jun 15 22:23:38 CST 2015  [trace] Default ResourceManager initialization complete.
Mon Jun 15 22:23:38 CST 2015  [debug] Loaded System Directive: org.apache.velocity.runtime.directive.Literal
Mon Jun 15 22:23:38 CST 2015  [debug] Loaded System Directive: org.apache.velocity.runtime.directive.Macro
Mon Jun 15 22:23:38 CST 2015  [debug] Loaded System Directive: org.apache.velocity.runtime.directive.Parse
Mon Jun 15 22:23:38 CST 2015  [debug] Loaded System Directive: org.apache.velocity.runtime.directive.Include
Mon Jun 15 22:23:38 CST 2015  [debug] Loaded System Directive: org.apache.velocity.runtime.directive.Foreach
Mon Jun 15 22:23:38 CST 2015  [debug] Created '20' parsers.
Mon Jun 15 22:23:38 CST 2015  [trace] Velocimacro : initialization starting.
Mon Jun 15 22:23:38 CST 2015  [debug] Velocimacro : "velocimacro.library" is not set.  Trying default library: VM_global_library.vm
Mon Jun 15 22:23:38 CST 2015  [debug] Velocimacro : Default library not found.
Mon Jun 15 22:23:38 CST 2015  [debug] Velocimacro : allowInline = true : VMs can be defined inline in templates
Mon Jun 15 22:23:38 CST 2015  [debug] Velocimacro : allowInlineToOverride = false : VMs defined inline may NOT replace previous VM definitions
Mon Jun 15 22:23:38 CST 2015  [debug] Velocimacro : allowInlineLocal = false : VMs defined inline will be global in scope if allowed.
Mon Jun 15 22:23:38 CST 2015  [debug] Velocimacro : autoload off : VM system will not automatically reload global library macros
Mon Jun 15 22:23:38 CST 2015  [trace] Velocimacro : Velocimacro : initialization complete.
Mon Jun 15 22:23:38 CST 2015  [trace] RuntimeInstance successfully initialized.
Mon Jun 15 22:23:38 CST 2015  [debug] ResourceManager : found index.vm with loader org.apache.velocity.runtime.resource.loader.FileResourceLoader
Mon Jun 15 22:23:39 CST 2015  [debug] ResourceManager : found head.vm with loader org.apache.velocity.runtime.resource.loader.FileResourceLoader
Mon Jun 15 22:23:39 CST 2015  [debug] ResourceManager : found nav.vm with loader org.apache.velocity.runtime.resource.loader.FileResourceLoader
Mon Jun 15 22:23:39 CST 2015  [debug] ResourceManager : found index.vm with loader org.apache.velocity.runtime.resource.loader.FileResourceLoader
Mon Jun 15 22:23:40 CST 2015  [debug] ResourceManager : found advert.vm with loader org.apache.velocity.runtime.resource.loader.FileResourceLoader
Mon Jun 15 22:23:40 CST 2015  [debug] ResourceManager : found head.vm with loader org.apache.velocity.runtime.resource.loader.FileResourceLoader
Mon Jun 15 22:23:40 CST 2015  [debug] ResourceManager : found recommend.vm with loader org.apache.velocity.runtime.resource.loader.FileResourceLoader
Mon Jun 15 22:23:40 CST 2015  [debug] ResourceManager : found nav.vm with loader org.apache.velocity.runtime.resource.loader.FileResourceLoader
Mon Jun 15 22:23:40 CST 2015  [debug] ResourceManager : found goodsBrands.vm with loader org.apache.velocity.runtime.resource.loader.FileResourceLoader
Mon Jun 15 22:23:40 CST 2015  [debug] ResourceManager : found floor.vm with loader org.apache.velocity.runtime.resource.loader.FileResourceLoader
Mon Jun 15 22:23:40 CST 2015  [debug] ResourceManager : found advert.vm with loader org.apache.velocity.runtime.resource.loader.FileResourceLoader
Mon Jun 15 22:23:40 CST 2015  [debug] ResourceManager : found recommend.vm with loader org.apache.velocity.runtime.resource.loader.FileResourceLoader
Mon Jun 15 22:23:40 CST 2015  [debug] ResourceManager : found goodsBrands.vm with loader org.apache.velocity.runtime.resource.loader.FileResourceLoader
Mon Jun 15 22:23:41 CST 2015  [debug] ResourceManager : found floor.vm with loader org.apache.velocity.runtime.resource.loader.FileResourceLoader
Mon Jun 15 22:23:41 CST 2015  [debug] ResourceManager : found articleClass.vm with loader org.apache.velocity.runtime.resource.loader.FileResourceLoader
Mon Jun 15 22:23:41 CST 2015  [debug] ResourceManager : found footer.vm with loader org.apache.velocity.runtime.resource.loader.FileResourceLoader
Mon Jun 15 22:23:41 CST 2015   [info] Null reference [template 'footer.vm', line 97, column 13] : $setAccount cannot be resolved.
Mon Jun 15 22:23:41 CST 2015   [info] Null reference [template 'footer.vm', line 99, column 13] : $setGeneral cannot be resolved.
Mon Jun 15 22:23:41 CST 2015   [info] Null reference [template 'footer.vm', line 100, column 13] : $logConversion cannot be resolved.
Mon Jun 15 22:23:41 CST 2015  [debug] ResourceManager : found article.vm with loader org.apache.velocity.runtime.resource.loader.FileResourceLoader
Mon Jun 15 22:23:41 CST 2015  [debug] ResourceManager : found top.vm with loader org.apache.velocity.runtime.resource.loader.FileResourceLoader
Mon Jun 15 22:23:42 CST 2015  [debug] ResourceManager : found articleClass.vm with loader org.apache.velocity.runtime.resource.loader.FileResourceLoader
Mon Jun 15 22:23:42 CST 2015  [debug] ResourceManager : found head.vm with loader org.apache.velocity.runtime.resource.loader.FileResourceLoader
Mon Jun 15 22:23:42 CST 2015  [debug] ResourceManager : found footer.vm with loader org.apache.velocity.runtime.resource.loader.FileResourceLoader
Mon Jun 15 22:23:42 CST 2015   [info] Null reference [template 'footer.vm', line 97, column 13] : $setAccount cannot be resolved.
Mon Jun 15 22:23:42 CST 2015   [info] Null reference [template 'footer.vm', line 99, column 13] : $setGeneral cannot be resolved.
Mon Jun 15 22:23:42 CST 2015   [info] Null reference [template 'footer.vm', line 100, column 13] : $logConversion cannot be resolved.
Mon Jun 15 22:23:42 CST 2015  [debug] ResourceManager : found nav1.vm with loader org.apache.velocity.runtime.resource.loader.FileResourceLoader
Mon Jun 15 22:23:42 CST 2015  [debug] ResourceManager : found activity_index.vm with loader org.apache.velocity.runtime.resource.loader.FileResourceLoader
Mon Jun 15 22:23:42 CST 2015  [debug] ResourceManager : found head.vm with loader org.apache.velocity.runtime.resource.loader.FileResourceLoader
Mon Jun 15 22:23:42 CST 2015  [error] Left side ($!article.url) of '!=' operation has null value. Operation not possible. article.vm [line 99, column 46]
Mon Jun 15 22:23:42 CST 2015  [error] Left side ($!article.id) of '!=' operation has null value. Operation not possible. article.vm [line 104, column 41]
Mon Jun 15 22:23:42 CST 2015  [debug] ResourceManager : found nav1.vm with loader org.apache.velocity.runtime.resource.loader.FileResourceLoader
Mon Jun 15 22:23:42 CST 2015  [debug] ResourceManager : found footer.vm with loader org.apache.velocity.runtime.resource.loader.FileResourceLoader
Mon Jun 15 22:23:42 CST 2015   [info] Null reference [template 'footer.vm', line 97, column 13] : $setAccount cannot be resolved.
Mon Jun 15 22:23:42 CST 2015   [info] Null reference [template 'footer.vm', line 99, column 13] : $setGeneral cannot be resolved.
Mon Jun 15 22:23:42 CST 2015   [info] Null reference [template 'footer.vm', line 100, column 13] : $logConversion cannot be resolved.
Mon Jun 15 22:23:42 CST 2015  [debug] ResourceManager : found article.vm with loader org.apache.velocity.runtime.resource.loader.FileResourceLoader
Mon Jun 15 22:23:42 CST 2015  [debug] ResourceManager : found articleClass.vm with loader org.apache.velocity.runtime.resource.loader.FileResourceLoader
Mon Jun 15 22:23:42 CST 2015  [debug] ResourceManager : found top.vm with loader org.apache.velocity.runtime.resource.loader.FileResourceLoader
Mon Jun 15 22:23:42 CST 2015  [debug] ResourceManager : found footer.vm with loader org.apache.velocity.runtime.resource.loader.FileResourceLoader
Mon Jun 15 22:23:42 CST 2015   [info] Null reference [template 'footer.vm', line 97, column 13] : $setAccount cannot be resolved.
Mon Jun 15 22:23:42 CST 2015   [info] Null reference [template 'footer.vm', line 99, column 13] : $setGeneral cannot be resolved.
Mon Jun 15 22:23:42 CST 2015   [info] Null reference [template 'footer.vm', line 100, column 13] : $logConversion cannot be resolved.
Mon Jun 15 22:23:42 CST 2015  [debug] ResourceManager : found head.vm with loader org.apache.velocity.runtime.resource.loader.FileResourceLoader
Mon Jun 15 22:23:42 CST 2015  [debug] ResourceManager : found nav1.vm with loader org.apache.velocity.runtime.resource.loader.FileResourceLoader
Mon Jun 15 22:23:42 CST 2015  [debug] ResourceManager : found footer.vm with loader org.apache.velocity.runtime.resource.loader.FileResourceLoader
Mon Jun 15 22:23:42 CST 2015   [info] Null reference [template 'footer.vm', line 97, column 13] : $setAccount cannot be resolved.
Mon Jun 15 22:23:42 CST 2015   [info] Null reference [template 'footer.vm', line 99, column 13] : $setGeneral cannot be resolved.
Mon Jun 15 22:23:42 CST 2015   [info] Null reference [template 'footer.vm', line 100, column 13] : $logConversion cannot be resolved.
Mon Jun 15 22:23:42 CST 2015  [debug] ResourceManager : found article.vm with loader org.apache.velocity.runtime.resource.loader.FileResourceLoader
Mon Jun 15 22:23:42 CST 2015  [debug] ResourceManager : found top.vm with loader org.apache.velocity.runtime.resource.loader.FileResourceLoader
Mon Jun 15 22:23:42 CST 2015  [debug] ResourceManager : found head.vm with loader org.apache.velocity.runtime.resource.loader.FileResourceLoader
Mon Jun 15 22:23:43 CST 2015  [debug] ResourceManager : found nav1.vm with loader org.apache.velocity.runtime.resource.loader.FileResourceLoader
Mon Jun 15 22:23:43 CST 2015  [debug] ResourceManager : found footer.vm with loader org.apache.velocity.runtime.resource.loader.FileResourceLoader
Mon Jun 15 22:23:43 CST 2015   [info] Null reference [template 'footer.vm', line 97, column 13] : $setAccount cannot be resolved.
Mon Jun 15 22:23:43 CST 2015   [info] Null reference [template 'footer.vm', line 99, column 13] : $setGeneral cannot be resolved.
Mon Jun 15 22:23:43 CST 2015   [info] Null reference [template 'footer.vm', line 100, column 13] : $logConversion cannot be resolved.
Mon Jun 15 22:23:43 CST 2015  [debug] ResourceManager : found article.vm with loader org.apache.velocity.runtime.resource.loader.FileResourceLoader
Mon Jun 15 22:23:43 CST 2015  [debug] ResourceManager : found top.vm with loader org.apache.velocity.runtime.resource.loader.FileResourceLoader
Mon Jun 15 22:23:43 CST 2015  [debug] ResourceManager : found head.vm with loader org.apache.velocity.runtime.resource.loader.FileResourceLoader
Mon Jun 15 22:23:43 CST 2015  [debug] ResourceManager : found nav1.vm with loader org.apache.velocity.runtime.resource.loader.FileResourceLoader
Mon Jun 15 22:23:43 CST 2015  [error] Left side ($!article.url) of '!=' operation has null value. Operation not possible. article.vm [line 92, column 46]
Mon Jun 15 22:23:43 CST 2015  [error] Left side ($!article.id) of '!=' operation has null value. Operation not possible. article.vm [line 97, column 41]
Mon Jun 15 22:23:43 CST 2015  [debug] ResourceManager : found footer.vm with loader org.apache.velocity.runtime.resource.loader.FileResourceLoader
Mon Jun 15 22:23:43 CST 2015   [info] Null reference [template 'footer.vm', line 97, column 13] : $setAccount cannot be resolved.
Mon Jun 15 22:23:43 CST 2015   [info] Null reference [template 'footer.vm', line 99, column 13] : $setGeneral cannot be resolved.
Mon Jun 15 22:23:43 CST 2015   [info] Null reference [template 'footer.vm', line 100, column 13] : $logConversion cannot be resolved.
Mon Jun 15 22:23:43 CST 2015  [debug] ResourceManager : found article.vm with loader org.apache.velocity.runtime.resource.loader.FileResourceLoader
Mon Jun 15 22:23:43 CST 2015  [debug] ResourceManager : found top.vm with loader org.apache.velocity.runtime.resource.loader.FileResourceLoader
Mon Jun 15 22:23:43 CST 2015  [debug] ResourceManager : found head.vm with loader org.apache.velocity.runtime.resource.loader.FileResourceLoader
Mon Jun 15 22:23:43 CST 2015  [debug] ResourceManager : found nav1.vm with loader org.apache.velocity.runtime.resource.loader.FileResourceLoader
Mon Jun 15 22:23:43 CST 2015  [error] Left side ($!article.url) of '!=' operation has null value. Operation not possible. article.vm [line 99, column 46]
Mon Jun 15 22:23:43 CST 2015  [error] Left side ($!article.id) of '!=' operation has null value. Operation not possible. article.vm [line 104, column 41]
Mon Jun 15 22:23:43 CST 2015  [debug] ResourceManager : found footer.vm with loader org.apache.velocity.runtime.resource.loader.FileResourceLoader
Mon Jun 15 22:23:43 CST 2015   [info] Null reference [template 'footer.vm', line 97, column 13] : $setAccount cannot be resolved.
Mon Jun 15 22:23:43 CST 2015   [info] Null reference [template 'footer.vm', line 99, column 13] : $setGeneral cannot be resolved.
Mon Jun 15 22:23:43 CST 2015   [info] Null reference [template 'footer.vm', line 100, column 13] : $logConversion cannot be resolved.
Mon Jun 15 22:23:43 CST 2015  [debug] ResourceManager : found article.vm with loader org.apache.velocity.runtime.resource.loader.FileResourceLoader
Mon Jun 15 22:23:43 CST 2015  [debug] ResourceManager : found top.vm with loader org.apache.velocity.runtime.resource.loader.FileResourceLoader
Mon Jun 15 22:23:43 CST 2015  [debug] ResourceManager : found head.vm with loader org.apache.velocity.runtime.resource.loader.FileResourceLoader
Mon Jun 15 22:23:43 CST 2015  [debug] ResourceManager : found nav1.vm with loader org.apache.velocity.runtime.resource.loader.FileResourceLoader
Mon Jun 15 22:23:44 CST 2015  [debug] ResourceManager : found footer.vm with loader org.apache.velocity.runtime.resource.loader.FileResourceLoader
Mon Jun 15 22:23:44 CST 2015   [info] Null reference [template 'footer.vm', line 97, column 13] : $setAccount cannot be resolved.
Mon Jun 15 22:23:44 CST 2015   [info] Null reference [template 'footer.vm', line 99, column 13] : $setGeneral cannot be resolved.
Mon Jun 15 22:23:44 CST 2015   [info] Null reference [template 'footer.vm', line 100, column 13] : $logConversion cannot be resolved.
Mon Jun 15 22:23:44 CST 2015  [debug] ResourceManager : found article.vm with loader org.apache.velocity.runtime.resource.loader.FileResourceLoader
Mon Jun 15 22:23:44 CST 2015  [debug] ResourceManager : found top.vm with loader org.apache.velocity.runtime.resource.loader.FileResourceLoader
Mon Jun 15 22:23:44 CST 2015  [debug] ResourceManager : found head.vm with loader org.apache.velocity.runtime.resource.loader.FileResourceLoader
Mon Jun 15 22:23:44 CST 2015  [debug] ResourceManager : found nav1.vm with loader org.apache.velocity.runtime.resource.loader.FileResourceLoader
Mon Jun 15 22:23:44 CST 2015  [error] Left side ($!article.url) of '!=' operation has null value. Operation not possible. article.vm [line 92, column 46]
Mon Jun 15 22:23:44 CST 2015  [error] Left side ($!article.id) of '!=' operation has null value. Operation not possible. article.vm [line 97, column 41]
Mon Jun 15 22:23:44 CST 2015  [debug] ResourceManager : found footer.vm with loader org.apache.velocity.runtime.resource.loader.FileResourceLoader
Mon Jun 15 22:23:44 CST 2015   [info] Null reference [template 'footer.vm', line 97, column 13] : $setAccount cannot be resolved.
Mon Jun 15 22:23:44 CST 2015   [info] Null reference [template 'footer.vm', line 99, column 13] : $setGeneral cannot be resolved.
Mon Jun 15 22:23:44 CST 2015   [info] Null reference [template 'footer.vm', line 100, column 13] : $logConversion cannot be resolved.
Mon Jun 15 22:23:44 CST 2015  [debug] ResourceManager : found article.vm with loader org.apache.velocity.runtime.resource.loader.FileResourceLoader
Mon Jun 15 22:23:44 CST 2015  [debug] ResourceManager : found top.vm with loader org.apache.velocity.runtime.resource.loader.FileResourceLoader
Mon Jun 15 22:23:44 CST 2015  [debug] ResourceManager : found head.vm with loader org.apache.velocity.runtime.resource.loader.FileResourceLoader
Mon Jun 15 22:23:44 CST 2015  [debug] ResourceManager : found nav1.vm with loader org.apache.velocity.runtime.resource.loader.FileResourceLoader
Mon Jun 15 22:23:44 CST 2015  [error] Left side ($!article.url) of '!=' operation has null value. Operation not possible. article.vm [line 99, column 46]
Mon Jun 15 22:23:44 CST 2015  [error] Left side ($!article.id) of '!=' operation has null value. Operation not possible. article.vm [line 104, column 41]
Mon Jun 15 22:23:44 CST 2015  [debug] ResourceManager : found footer.vm with loader org.apache.velocity.runtime.resource.loader.FileResourceLoader
Mon Jun 15 22:23:44 CST 2015   [info] Null reference [template 'footer.vm', line 97, column 13] : $setAccount cannot be resolved.
Mon Jun 15 22:23:44 CST 2015   [info] Null reference [template 'footer.vm', line 99, column 13] : $setGeneral cannot be resolved.
Mon Jun 15 22:23:44 CST 2015   [info] Null reference [template 'footer.vm', line 100, column 13] : $logConversion cannot be resolved.
Mon Jun 15 22:23:44 CST 2015  [debug] ResourceManager : found article.vm with loader org.apache.velocity.runtime.resource.loader.FileResourceLoader
Mon Jun 15 22:23:44 CST 2015  [debug] ResourceManager : found top.vm with loader org.apache.velocity.runtime.resource.loader.FileResourceLoader
Mon Jun 15 22:23:44 CST 2015  [debug] ResourceManager : found head.vm with loader org.apache.velocity.runtime.resource.loader.FileResourceLoader
Mon Jun 15 22:23:44 CST 2015  [debug] ResourceManager : found nav1.vm with loader org.apache.velocity.runtime.resource.loader.FileResourceLoader
Mon Jun 15 22:23:44 CST 2015  [debug] ResourceManager : found footer.vm with loader org.apache.velocity.runtime.resource.loader.FileResourceLoader
Mon Jun 15 22:23:44 CST 2015   [info] Null reference [template 'footer.vm', line 97, column 13] : $setAccount cannot be resolved.
Mon Jun 15 22:23:44 CST 2015   [info] Null reference [template 'footer.vm', line 99, column 13] : $setGeneral cannot be resolved.
Mon Jun 15 22:23:44 CST 2015   [info] Null reference [template 'footer.vm', line 100, column 13] : $logConversion cannot be resolved.
Mon Jun 15 22:23:45 CST 2015  [debug] ResourceManager : found article.vm with loader org.apache.velocity.runtime.resource.loader.FileResourceLoader
Mon Jun 15 22:23:45 CST 2015  [debug] ResourceManager : found top.vm with loader org.apache.velocity.runtime.resource.loader.FileResourceLoader
Mon Jun 15 22:23:45 CST 2015  [debug] ResourceManager : found head.vm with loader org.apache.velocity.runtime.resource.loader.FileResourceLoader
Mon Jun 15 22:23:45 CST 2015  [debug] ResourceManager : found nav1.vm with loader org.apache.velocity.runtime.resource.loader.FileResourceLoader
Mon Jun 15 22:23:45 CST 2015  [debug] ResourceManager : found footer.vm with loader org.apache.velocity.runtime.resource.loader.FileResourceLoader
Mon Jun 15 22:23:45 CST 2015   [info] Null reference [template 'footer.vm', line 97, column 13] : $setAccount cannot be resolved.
Mon Jun 15 22:23:45 CST 2015   [info] Null reference [template 'footer.vm', line 99, column 13] : $setGeneral cannot be resolved.
Mon Jun 15 22:23:45 CST 2015   [info] Null reference [template 'footer.vm', line 100, column 13] : $logConversion cannot be resolved.
Mon Jun 15 22:23:45 CST 2015  [debug] ResourceManager : found article.vm with loader org.apache.velocity.runtime.resource.loader.FileResourceLoader
Mon Jun 15 22:23:45 CST 2015  [debug] ResourceManager : found top.vm with loader org.apache.velocity.runtime.resource.loader.FileResourceLoader
Mon Jun 15 22:23:45 CST 2015  [debug] ResourceManager : found head.vm with loader org.apache.velocity.runtime.resource.loader.FileResourceLoader
Mon Jun 15 22:23:45 CST 2015  [debug] ResourceManager : found nav1.vm with loader org.apache.velocity.runtime.resource.loader.FileResourceLoader
Mon Jun 15 22:23:45 CST 2015  [debug] ResourceManager : found footer.vm with loader org.apache.velocity.runtime.resource.loader.FileResourceLoader
Mon Jun 15 22:23:45 CST 2015   [info] Null reference [template 'footer.vm', line 97, column 13] : $setAccount cannot be resolved.
Mon Jun 15 22:23:45 CST 2015   [info] Null reference [template 'footer.vm', line 99, column 13] : $setGeneral cannot be resolved.
Mon Jun 15 22:23:45 CST 2015   [info] Null reference [template 'footer.vm', line 100, column 13] : $logConversion cannot be resolved.
Mon Jun 15 22:23:45 CST 2015  [debug] ResourceManager : found article.vm with loader org.apache.velocity.runtime.resource.loader.FileResourceLoader
Mon Jun 15 22:23:45 CST 2015  [debug] ResourceManager : found top.vm with loader org.apache.velocity.runtime.resource.loader.FileResourceLoader
Mon Jun 15 22:23:45 CST 2015  [debug] ResourceManager : found head.vm with loader org.apache.velocity.runtime.resource.loader.FileResourceLoader
Mon Jun 15 22:23:45 CST 2015  [debug] ResourceManager : found nav1.vm with loader org.apache.velocity.runtime.resource.loader.FileResourceLoader
Mon Jun 15 22:23:45 CST 2015  [error] Left side ($!article.url) of '!=' operation has null value. Operation not possible. article.vm [line 99, column 46]
Mon Jun 15 22:23:45 CST 2015  [error] Left side ($!article.id) of '!=' operation has null value. Operation not possible. article.vm [line 104, column 41]
Mon Jun 15 22:23:45 CST 2015  [debug] ResourceManager : found footer.vm with loader org.apache.velocity.runtime.resource.loader.FileResourceLoader
Mon Jun 15 22:23:45 CST 2015   [info] Null reference [template 'footer.vm', line 97, column 13] : $setAccount cannot be resolved.
Mon Jun 15 22:23:45 CST 2015   [info] Null reference [template 'footer.vm', line 99, column 13] : $setGeneral cannot be resolved.
Mon Jun 15 22:23:45 CST 2015   [info] Null reference [template 'footer.vm', line 100, column 13] : $logConversion cannot be resolved.
Mon Jun 15 22:23:45 CST 2015  [debug] ResourceManager : found article.vm with loader org.apache.velocity.runtime.resource.loader.FileResourceLoader
Mon Jun 15 22:23:45 CST 2015  [debug] ResourceManager : found top.vm with loader org.apache.velocity.runtime.resource.loader.FileResourceLoader
Mon Jun 15 22:23:45 CST 2015  [debug] ResourceManager : found head.vm with loader org.apache.velocity.runtime.resource.loader.FileResourceLoader
Mon Jun 15 22:23:45 CST 2015  [debug] ResourceManager : found nav1.vm with loader org.apache.velocity.runtime.resource.loader.FileResourceLoader
Mon Jun 15 22:23:45 CST 2015  [debug] ResourceManager : found footer.vm with loader org.apache.velocity.runtime.resource.loader.FileResourceLoader
Mon Jun 15 22:23:45 CST 2015   [info] Null reference [template 'footer.vm', line 97, column 13] : $setAccount cannot be resolved.
Mon Jun 15 22:23:45 CST 2015   [info] Null reference [template 'footer.vm', line 99, column 13] : $setGeneral cannot be resolved.
Mon Jun 15 22:23:45 CST 2015   [info] Null reference [template 'footer.vm', line 100, column 13] : $logConversion cannot be resolved.
Mon Jun 15 22:23:46 CST 2015  [debug] ResourceManager : found article.vm with loader org.apache.velocity.runtime.resource.loader.FileResourceLoader
Mon Jun 15 22:23:46 CST 2015  [debug] ResourceManager : found top.vm with loader org.apache.velocity.runtime.resource.loader.FileResourceLoader
Mon Jun 15 22:23:46 CST 2015  [debug] ResourceManager : found head.vm with loader org.apache.velocity.runtime.resource.loader.FileResourceLoader
Mon Jun 15 22:23:46 CST 2015  [debug] ResourceManager : found nav1.vm with loader org.apache.velocity.runtime.resource.loader.FileResourceLoader
Mon Jun 15 22:23:46 CST 2015  [debug] ResourceManager : found footer.vm with loader org.apache.velocity.runtime.resource.loader.FileResourceLoader
Mon Jun 15 22:23:46 CST 2015   [info] Null reference [template 'footer.vm', line 97, column 13] : $setAccount cannot be resolved.
Mon Jun 15 22:23:46 CST 2015   [info] Null reference [template 'footer.vm', line 99, column 13] : $setGeneral cannot be resolved.
Mon Jun 15 22:23:46 CST 2015   [info] Null reference [template 'footer.vm', line 100, column 13] : $logConversion cannot be resolved.
Mon Jun 15 22:23:46 CST 2015  [debug] ResourceManager : found article.vm with loader org.apache.velocity.runtime.resource.loader.FileResourceLoader
Mon Jun 15 22:23:46 CST 2015  [debug] ResourceManager : found top.vm with loader org.apache.velocity.runtime.resource.loader.FileResourceLoader
Mon Jun 15 22:23:46 CST 2015  [debug] ResourceManager : found head.vm with loader org.apache.velocity.runtime.resource.loader.FileResourceLoader
Mon Jun 15 22:23:46 CST 2015  [debug] ResourceManager : found nav1.vm with loader org.apache.velocity.runtime.resource.loader.FileResourceLoader
Mon Jun 15 22:23:46 CST 2015  [debug] ResourceManager : found footer.vm with loader org.apache.velocity.runtime.resource.loader.FileResourceLoader
Mon Jun 15 22:23:46 CST 2015   [info] Null reference [template 'footer.vm', line 97, column 13] : $setAccount cannot be resolved.
Mon Jun 15 22:23:46 CST 2015   [info] Null reference [template 'footer.vm', line 99, column 13] : $setGeneral cannot be resolved.
Mon Jun 15 22:23:46 CST 2015   [info] Null reference [template 'footer.vm', line 100, column 13] : $logConversion cannot be resolved.
Mon Jun 15 22:23:46 CST 2015  [debug] ResourceManager : found article.vm with loader org.apache.velocity.runtime.resource.loader.FileResourceLoader
Mon Jun 15 22:23:46 CST 2015  [debug] ResourceManager : found top.vm with loader org.apache.velocity.runtime.resource.loader.FileResourceLoader
Mon Jun 15 22:23:46 CST 2015  [debug] ResourceManager : found head.vm with loader org.apache.velocity.runtime.resource.loader.FileResourceLoader
Mon Jun 15 22:23:46 CST 2015  [debug] ResourceManager : found nav1.vm with loader org.apache.velocity.runtime.resource.loader.FileResourceLoader
Mon Jun 15 22:23:46 CST 2015  [debug] ResourceManager : found footer.vm with loader org.apache.velocity.runtime.resource.loader.FileResourceLoader
Mon Jun 15 22:23:46 CST 2015   [info] Null reference [template 'footer.vm', line 97, column 13] : $setAccount cannot be resolved.
Mon Jun 15 22:23:46 CST 2015   [info] Null reference [template 'footer.vm', line 99, column 13] : $setGeneral cannot be resolved.
Mon Jun 15 22:23:46 CST 2015   [info] Null reference [template 'footer.vm', line 100, column 13] : $logConversion cannot be resolved.
Mon Jun 15 22:23:46 CST 2015  [debug] ResourceManager : found article.vm with loader org.apache.velocity.runtime.resource.loader.FileResourceLoader
Mon Jun 15 22:23:46 CST 2015  [debug] ResourceManager : found top.vm with loader org.apache.velocity.runtime.resource.loader.FileResourceLoader
Mon Jun 15 22:23:46 CST 2015  [debug] ResourceManager : found head.vm with loader org.apache.velocity.runtime.resource.loader.FileResourceLoader
Mon Jun 15 22:23:46 CST 2015  [debug] ResourceManager : found nav1.vm with loader org.apache.velocity.runtime.resource.loader.FileResourceLoader
Mon Jun 15 22:23:46 CST 2015  [error] Left side ($!article.url) of '!=' operation has null value. Operation not possible. article.vm [line 92, column 46]
Mon Jun 15 22:23:46 CST 2015  [error] Left side ($!article.id) of '!=' operation has null value. Operation not possible. article.vm [line 97, column 41]
Mon Jun 15 22:23:47 CST 2015  [debug] ResourceManager : found footer.vm with loader org.apache.velocity.runtime.resource.loader.FileResourceLoader
Mon Jun 15 22:23:47 CST 2015   [info] Null reference [template 'footer.vm', line 97, column 13] : $setAccount cannot be resolved.
Mon Jun 15 22:23:47 CST 2015   [info] Null reference [template 'footer.vm', line 99, column 13] : $setGeneral cannot be resolved.
Mon Jun 15 22:23:47 CST 2015   [info] Null reference [template 'footer.vm', line 100, column 13] : $logConversion cannot be resolved.
Mon Jun 15 22:23:47 CST 2015  [debug] ResourceManager : found article.vm with loader org.apache.velocity.runtime.resource.loader.FileResourceLoader
Mon Jun 15 22:23:47 CST 2015  [debug] ResourceManager : found top.vm with loader org.apache.velocity.runtime.resource.loader.FileResourceLoader
Mon Jun 15 22:23:47 CST 2015  [debug] ResourceManager : found head.vm with loader org.apache.velocity.runtime.resource.loader.FileResourceLoader
Mon Jun 15 22:23:47 CST 2015  [debug] ResourceManager : found nav1.vm with loader org.apache.velocity.runtime.resource.loader.FileResourceLoader
Mon Jun 15 22:23:47 CST 2015  [debug] ResourceManager : found footer.vm with loader org.apache.velocity.runtime.resource.loader.FileResourceLoader
Mon Jun 15 22:23:47 CST 2015   [info] Null reference [template 'footer.vm', line 97, column 13] : $setAccount cannot be resolved.
Mon Jun 15 22:23:47 CST 2015   [info] Null reference [template 'footer.vm', line 99, column 13] : $setGeneral cannot be resolved.
Mon Jun 15 22:23:47 CST 2015   [info] Null reference [template 'footer.vm', line 100, column 13] : $logConversion cannot be resolved.
Mon Jun 15 22:23:47 CST 2015  [debug] ResourceManager : found article.vm with loader org.apache.velocity.runtime.resource.loader.FileResourceLoader
Mon Jun 15 22:23:47 CST 2015  [debug] ResourceManager : found top.vm with loader org.apache.velocity.runtime.resource.loader.FileResourceLoader
Mon Jun 15 22:23:47 CST 2015  [debug] ResourceManager : found head.vm with loader org.apache.velocity.runtime.resource.loader.FileResourceLoader
Mon Jun 15 22:23:47 CST 2015  [debug] ResourceManager : found nav1.vm with loader org.apache.velocity.runtime.resource.loader.FileResourceLoader
Mon Jun 15 22:23:47 CST 2015  [error] Left side ($!article.url) of '!=' operation has null value. Operation not possible. article.vm [line 92, column 46]
Mon Jun 15 22:23:47 CST 2015  [error] Left side ($!article.id) of '!=' operation has null value. Operation not possible. article.vm [line 97, column 41]
Mon Jun 15 22:23:47 CST 2015  [debug] ResourceManager : found footer.vm with loader org.apache.velocity.runtime.resource.loader.FileResourceLoader
Mon Jun 15 22:23:47 CST 2015   [info] Null reference [template 'footer.vm', line 97, column 13] : $setAccount cannot be resolved.
Mon Jun 15 22:23:47 CST 2015   [info] Null reference [template 'footer.vm', line 99, column 13] : $setGeneral cannot be resolved.
Mon Jun 15 22:23:47 CST 2015   [info] Null reference [template 'footer.vm', line 100, column 13] : $logConversion cannot be resolved.
Mon Jun 15 22:23:47 CST 2015  [debug] ResourceManager : found activity_index.vm with loader org.apache.velocity.runtime.resource.loader.FileResourceLoader
Mon Jun 15 22:23:47 CST 2015  [debug] ResourceManager : found head.vm with loader org.apache.velocity.runtime.resource.loader.FileResourceLoader
Mon Jun 15 22:23:47 CST 2015  [debug] ResourceManager : found nav1.vm with loader org.apache.velocity.runtime.resource.loader.FileResourceLoader
Mon Jun 15 22:23:47 CST 2015  [debug] ResourceManager : found articleClass.vm with loader org.apache.velocity.runtime.resource.loader.FileResourceLoader
Mon Jun 15 22:23:47 CST 2015  [debug] ResourceManager : found footer.vm with loader org.apache.velocity.runtime.resource.loader.FileResourceLoader
Mon Jun 15 22:23:47 CST 2015   [info] Null reference [template 'footer.vm', line 97, column 13] : $setAccount cannot be resolved.
Mon Jun 15 22:23:47 CST 2015   [info] Null reference [template 'footer.vm', line 99, column 13] : $setGeneral cannot be resolved.
Mon Jun 15 22:23:47 CST 2015   [info] Null reference [template 'footer.vm', line 100, column 13] : $logConversion cannot be resolved.
